# JRE version: Java(TM) SE Runtime Environment (8.0_60-b27) (build 1.8.0_60-b27)
# Java VM: Java HotSpot(TM) 64-Bit Server VM (25.60-b23 mixed mode windows-amd64 compressed oops)
Heap:
 PSYoungGen      total 271872K, used 193381K [0x00000000d5d00000, 0x00000000f2900000, 0x0000000100000000)
  eden space 142848K, 61% used [0x00000000d5d00000,0x00000000db35c9a0,0x00000000de880000)
  from space 129024K, 81% used [0x00000000de880000,0x00000000e4efcc10,0x00000000e6680000)
  to   space 141312K, 0% used [0x00000000e9f00000,0x00000000e9f00000,0x00000000f2900000)
 ParOldGen       total 529408K, used 349909K [0x0000000081600000, 0x00000000a1b00000, 0x00000000d5d00000)
  object space 529408K, 66% used [0x0000000081600000,0x0000000096bb54b8,0x00000000a1b00000)
 Metaspace       used 25152K, capacity 25444K, committed 25600K, reserved 1071104K
  class space    used 3674K, capacity 3756K, committed 3840K, reserved 1048576K
GC Heap History (10 events):
Event: 3.284 GC heap before
{Heap before GC invocations=17 (full 4):
 PSYoungGen      total 211456K, used 177571K [0x00000000d5d00000, 0x00000000ea000000, 0x0000000100000000)
  eden space 104448K, 100% used [0x00000000d5d00000,0x00000000dc300000,0x00000000dc300000)
  from space 107008K, 68% used [0x00000000e3480000,0x00000000e7be8e20,0x00000000e9d00000)
  to   space 113152K, 0% used [0x00000000dc300000,0x00000000dc300000,0x00000000e3180000)
 ParOldGen       total 339456K, used 258763K [0x0000000081600000, 0x0000000096180000, 0x00000000d5d00000)
  object space 339456K, 76% used [0x0000000081600000,0x00000000912b2d50,0x0000000096180000)
 Metaspace       used 23824K, capacity 24114K, committed 24320K, reserved 1071104K
  class space    used 3411K, capacity 3465K, committed 3584K, reserved 1048576K
Event: 3.359 GC heap after
Heap after GC invocations=17 (full 4):
 PSYoungGen      total 217600K, used 90812K [0x00000000d5d00000, 0x00000000ee180000, 0x0000000100000000)
  eden space 104448K, 0% used [0x00000000d5d00000,0x00000000d5d00000,0x00000000dc300000)
  from space 113152K, 80% used [0x00000000dc300000,0x00000000e1baf090,0x00000000e3180000)
  to   space 124416K, 0% used [0x00000000e6800000,0x00000000e6800000,0x00000000ee180000)
 ParOldGen       total 339456K, used 337554K [0x0000000081600000, 0x0000000096180000, 0x00000000d5d00000)
  object space 339456K, 99% used [0x0000000081600000,0x0000000095fa4b20,0x0000000096180000)
 Metaspace       used 23824K, capacity 24114K, committed 24320K, reserved 1071104K
  class space    used 3411K, capacity 3465K, committed 3584K, reserved 1048576K
}
Event: 3.359 GC heap before
{Heap before GC invocations=18 (full 5):
 PSYoungGen      total 217600K, used 90812K [0x00000000d5d00000, 0x00000000ee180000, 0x0000000100000000)
  eden space 104448K, 0% used [0x00000000d5d00000,0x00000000d5d00000,0x00000000dc300000)
  from space 113152K, 80% used [0x00000000dc300000,0x00000000e1baf090,0x00000000e3180000)
  to   space 124416K, 0% used [0x00000000e6800000,0x00000000e6800000,0x00000000ee180000)
 ParOldGen       total 339456K, used 337554K [0x0000000081600000, 0x0000000096180000, 0x00000000d5d00000)
  object space 339456K, 99% used [0x0000000081600000,0x0000000095fa4b20,0x0000000096180000)
 Metaspace       used 23824K, capacity 24114K, committed 24320K, reserved 1071104K
  class space    used 3411K, capacity 3465K, committed 3584K, reserved 1048576K
Event: 3.498 GC heap after
Heap after GC invocations=18 (full 5):
 PSYoungGen      total 217600K, used 81471K [0x00000000d5d00000, 0x00000000ee180000, 0x0000000100000000)
  eden space 104448K, 0% used [0x00000000d5d00000,0x00000000d5d00000,0x00000000dc300000)
  from space 113152K, 72% used [0x00000000dc300000,0x00000000e128fcb8,0x00000000e3180000)
  to   space 124416K, 0% used [0x00000000e6800000,0x00000000e6800000,0x00000000ee180000)
 ParOldGen       total 487424K, used 339040K [0x0000000081600000, 0x000000009f200000, 0x00000000d5d00000)
  object space 487424K, 69% used [0x0000000081600000,0x0000000096118170,0x000000009f200000)
 Metaspace       used 23824K, capacity 24114K, committed 24320K, reserved 1071104K
  class space    used 3411K, capacity 3465K, committed 3584K, reserved 1048576K
}
Event: 3.583 GC heap before
{Heap before GC invocations=19 (full 5):
 PSYoungGen      total 217600K, used 185919K [0x00000000d5d00000, 0x00000000ee180000, 0x0000000100000000)
  eden space 104448K, 100% used [0x00000000d5d00000,0x00000000dc300000,0x00000000dc300000)
  from space 113152K, 72% used [0x00000000dc300000,0x00000000e128fcb8,0x00000000e3180000)
  to   space 124416K, 0% used [0x00000000e6800000,0x00000000e6800000,0x00000000ee180000)
 ParOldGen       total 487424K, used 339040K [0x0000000081600000, 0x000000009f200000, 0x00000000d5d00000)
  object space 487424K, 69% used [0x0000000081600000,0x0000000096118170,0x000000009f200000)
 Metaspace       used 23874K, capacity 24114K, committed 24320K, reserved 1071104K
  class space    used 3412K, capacity 3465K, committed 3584K, reserved 1048576K
Event: 3.669 GC heap after
Heap after GC invocations=19 (full 5):
 PSYoungGen      total 267264K, used 79494K [0x00000000d5d00000, 0x00000000ee480000, 0x0000000100000000)
  eden space 142848K, 0% used [0x00000000d5d00000,0x00000000d5d00000,0x00000000de880000)
  from space 124416K, 63% used [0x00000000e6800000,0x00000000eb5a1aa0,0x00000000ee180000)
  to   space 129024K, 0% used [0x00000000de880000,0x00000000de880000,0x00000000e6680000)
 ParOldGen       total 487424K, used 423364K [0x0000000081600000, 0x000000009f200000, 0x00000000d5d00000)
  object space 487424K, 86% used [0x0000000081600000,0x000000009b371320,0x000000009f200000)
 Metaspace       used 23874K, capacity 24114K, committed 24320K, reserved 1071104K
  class space    used 3412K, capacity 3465K, committed 3584K, reserved 1048576K
}
Event: 3.669 GC heap before
{Heap before GC invocations=20 (full 6):
 PSYoungGen      total 267264K, used 79494K [0x00000000d5d00000, 0x00000000ee480000, 0x0000000100000000)
  eden space 142848K, 0% used [0x00000000d5d00000,0x00000000d5d00000,0x00000000de880000)
  from space 124416K, 63% used [0x00000000e6800000,0x00000000eb5a1aa0,0x00000000ee180000)
  to   space 129024K, 0% used [0x00000000de880000,0x00000000de880000,0x00000000e6680000)
 ParOldGen       total 487424K, used 423364K [0x0000000081600000, 0x000000009f200000, 0x00000000d5d00000)
  object space 487424K, 86% used [0x0000000081600000,0x000000009b371320,0x000000009f200000)
 Metaspace       used 23874K, capacity 24114K, committed 24320K, reserved 1071104K
  class space    used 3412K, capacity 3465K, committed 3584K, reserved 1048576K
Event: 3.798 GC heap after
Heap after GC invocations=20 (full 6):
 PSYoungGen      total 267264K, used 0K [0x00000000d5d00000, 0x00000000ee480000, 0x0000000100000000)
  eden space 142848K, 0% used [0x00000000d5d00000,0x00000000d5d00000,0x00000000de880000)
  from space 124416K, 0% used [0x00000000e6800000,0x00000000e6800000,0x00000000ee180000)
  to   space 129024K, 0% used [0x00000000de880000,0x00000000de880000,0x00000000e6680000)
 ParOldGen       total 529408K, used 349901K [0x0000000081600000, 0x00000000a1b00000, 0x00000000d5d00000)
  object space 529408K, 66% used [0x0000000081600000,0x0000000096bb34b8,0x00000000a1b00000)
 Metaspace       used 23874K, capacity 24114K, committed 24320K, reserved 1071104K
  class space    used 3412K, capacity 3465K, committed 3584K, reserved 1048576K
}
Event: 3.836 GC heap before
{Heap before GC invocations=21 (full 6):
 PSYoungGen      total 267264K, used 142817K [0x00000000d5d00000, 0x00000000ee480000, 0x0000000100000000)
  eden space 142848K, 99% used [0x00000000d5d00000,0x00000000de8785b0,0x00000000de880000)
  from space 124416K, 0% used [0x00000000e6800000,0x00000000e6800000,0x00000000ee180000)
  to   space 129024K, 0% used [0x00000000de880000,0x00000000de880000,0x00000000e6680000)
 ParOldGen       total 529408K, used 349901K [0x0000000081600000, 0x00000000a1b00000, 0x00000000d5d00000)
  object space 529408K, 66% used [0x0000000081600000,0x0000000096bb34b8,0x00000000a1b00000)
 Metaspace       used 23899K, capacity 24114K, committed 24320K, reserved 1071104K
  class space    used 3412K, capacity 3465K, committed 3584K, reserved 1048576K
Event: 3.870 GC heap after
Heap after GC invocations=21 (full 6):
 PSYoungGen      total 271872K, used 104947K [0x00000000d5d00000, 0x00000000f2900000, 0x0000000100000000)
  eden space 142848K, 0% used [0x00000000d5d00000,0x00000000d5d00000,0x00000000de880000)
  from space 129024K, 81% used [0x00000000de880000,0x00000000e4efcc10,0x00000000e6680000)
  to   space 141312K, 0% used [0x00000000e9f00000,0x00000000e9f00000,0x00000000f2900000)
 ParOldGen       total 529408K, used 349909K [0x0000000081600000, 0x00000000a1b00000, 0x00000000d5d00000)
  object space 529408K, 66% used [0x0000000081600000,0x0000000096bb54b8,0x00000000a1b00000)
 Metaspace       used 23899K, capacity 24114K, committed 24320K, reserved 1071104K
  class space    used 3412K, capacity 3465K, committed 3584K, reserved 1048576K
}

