# JRE version: Java(TM) SE Runtime Environment (8.0_60-b27) (build 1.8.0_60-b27)
# Java VM: Java HotSpot(TM) 64-Bit Server VM (25.60-b23 mixed mode windows-amd64 compressed oops)
Heap:
 PSYoungGen      total 219648K, used 146372K [0x00000000d5d00000, 0x00000000ebc00000, 0x0000000100000000)
  eden space 96256K, 23% used [0x00000000d5d00000,0x00000000d7372018,0x00000000dbb00000)
  from space 123392K, 99% used [0x00000000dbb00000,0x00000000e337f040,0x00000000e3380000)
  to   space 105984K, 0% used [0x00000000e3380000,0x00000000e3380000,0x00000000e9b00000)
 ParOldGen       total 649216K, used 532171K [0x0000000081600000, 0x00000000a9000000, 0x00000000d5d00000)
  object space 649216K, 81% used [0x0000000081600000,0x00000000a1db2e18,0x00000000a9000000)
 Metaspace       used 24020K, capacity 24306K, committed 24576K, reserved 1071104K
  class space    used 3427K, capacity 3465K, committed 3584K, reserved 1048576K
GC Heap History (10 events):
Event: 3.683 GC heap before
{Heap before GC invocations=18 (full 5):
 PSYoungGen      total 140288K, used 101660K [0x00000000d5d00000, 0x00000000e7f00000, 0x0000000100000000)
  eden space 68608K, 99% used [0x00000000d5d00000,0x00000000d9ff9e00,0x00000000da000000)
  from space 71680K, 46% used [0x00000000da000000,0x00000000dc04d498,0x00000000de600000)
  to   space 98816K, 0% used [0x00000000e1e80000,0x00000000e1e80000,0x00000000e7f00000)
 ParOldGen       total 479232K, used 346699K [0x0000000081600000, 0x000000009ea00000, 0x00000000d5d00000)
  object space 479232K, 72% used [0x0000000081600000,0x0000000096892ef8,0x000000009ea00000)
 Metaspace       used 23852K, capacity 24114K, committed 24320K, reserved 1071104K
  class space    used 3412K, capacity 3465K, committed 3584K, reserved 1048576K
Event: 3.772 GC heap after
Heap after GC invocations=18 (full 5):
 PSYoungGen      total 187392K, used 66848K [0x00000000d5d00000, 0x00000000e7f80000, 0x0000000100000000)
  eden space 88576K, 0% used [0x00000000d5d00000,0x00000000d5d00000,0x00000000db380000)
  from space 98816K, 67% used [0x00000000e1e80000,0x00000000e5fc8200,0x00000000e7f00000)
  to   space 104448K, 0% used [0x00000000db380000,0x00000000db380000,0x00000000e1980000)
 ParOldGen       total 479232K, used 380597K [0x0000000081600000, 0x000000009ea00000, 0x00000000d5d00000)
  object space 479232K, 79% used [0x0000000081600000,0x00000000989ad558,0x000000009ea00000)
 Metaspace       used 23852K, capacity 24114K, committed 24320K, reserved 1071104K
  class space    used 3412K, capacity 3465K, committed 3584K, reserved 1048576K
}
Event: 3.896 GC heap before
{Heap before GC invocations=19 (full 5):
 PSYoungGen      total 187392K, used 155424K [0x00000000d5d00000, 0x00000000e7f80000, 0x0000000100000000)
  eden space 88576K, 100% used [0x00000000d5d00000,0x00000000db380000,0x00000000db380000)
  from space 98816K, 67% used [0x00000000e1e80000,0x00000000e5fc8200,0x00000000e7f00000)
  to   space 104448K, 0% used [0x00000000db380000,0x00000000db380000,0x00000000e1980000)
 ParOldGen       total 479232K, used 380597K [0x0000000081600000, 0x000000009ea00000, 0x00000000d5d00000)
  object space 479232K, 79% used [0x0000000081600000,0x00000000989ad558,0x000000009ea00000)
 Metaspace       used 23909K, capacity 24178K, committed 24576K, reserved 1071104K
  class space    used 3412K, capacity 3465K, committed 3584K, reserved 1048576K
Event: 3.935 GC heap after
Heap after GC invocations=19 (full 5):
 PSYoungGen      total 193024K, used 60797K [0x00000000d5d00000, 0x00000000e9b00000, 0x0000000100000000)
  eden space 88576K, 0% used [0x00000000d5d00000,0x00000000d5d00000,0x00000000db380000)
  from space 104448K, 58% used [0x00000000db380000,0x00000000deedf640,0x00000000e1980000)
  to   space 105984K, 0% used [0x00000000e3380000,0x00000000e3380000,0x00000000e9b00000)
 ParOldGen       total 479232K, used 447478K [0x0000000081600000, 0x000000009ea00000, 0x00000000d5d00000)
  object space 479232K, 93% used [0x0000000081600000,0x000000009cafdbe8,0x000000009ea00000)
 Metaspace       used 23909K, capacity 24178K, committed 24576K, reserved 1071104K
  class space    used 3412K, capacity 3465K, committed 3584K, reserved 1048576K
}
Event: 3.935 GC heap before
{Heap before GC invocations=20 (full 6):
 PSYoungGen      total 193024K, used 60797K [0x00000000d5d00000, 0x00000000e9b00000, 0x0000000100000000)
  eden space 88576K, 0% used [0x00000000d5d00000,0x00000000d5d00000,0x00000000db380000)
  from space 104448K, 58% used [0x00000000db380000,0x00000000deedf640,0x00000000e1980000)
  to   space 105984K, 0% used [0x00000000e3380000,0x00000000e3380000,0x00000000e9b00000)
 ParOldGen       total 479232K, used 447478K [0x0000000081600000, 0x000000009ea00000, 0x00000000d5d00000)
  object space 479232K, 93% used [0x0000000081600000,0x000000009cafdbe8,0x000000009ea00000)
 Metaspace       used 23909K, capacity 24178K, committed 24576K, reserved 1071104K
  class space    used 3412K, capacity 3465K, committed 3584K, reserved 1048576K
Event: 4.078 GC heap after
Heap after GC invocations=20 (full 6):
 PSYoungGen      total 193024K, used 28496K [0x00000000d5d00000, 0x00000000e9b00000, 0x0000000100000000)
  eden space 88576K, 0% used [0x00000000d5d00000,0x00000000d5d00000,0x00000000db380000)
  from space 104448K, 27% used [0x00000000db380000,0x00000000dcf54138,0x00000000e1980000)
  to   space 105984K, 0% used [0x00000000e3380000,0x00000000e3380000,0x00000000e9b00000)
 ParOldGen       total 649216K, used 478752K [0x0000000081600000, 0x00000000a9000000, 0x00000000d5d00000)
  object space 649216K, 73% used [0x0000000081600000,0x000000009e9881a8,0x00000000a9000000)
 Metaspace       used 23909K, capacity 24178K, committed 24576K, reserved 1071104K
  class space    used 3412K, capacity 3465K, committed 3584K, reserved 1048576K
}
Event: 4.094 GC heap before
{Heap before GC invocations=21 (full 6):
 PSYoungGen      total 193024K, used 117043K [0x00000000d5d00000, 0x00000000e9b00000, 0x0000000100000000)
  eden space 88576K, 99% used [0x00000000d5d00000,0x00000000db378b20,0x00000000db380000)
  from space 104448K, 27% used [0x00000000db380000,0x00000000dcf54138,0x00000000e1980000)
  to   space 105984K, 0% used [0x00000000e3380000,0x00000000e3380000,0x00000000e9b00000)
 ParOldGen       total 649216K, used 478752K [0x0000000081600000, 0x00000000a9000000, 0x00000000d5d00000)
  object space 649216K, 73% used [0x0000000081600000,0x000000009e9881a8,0x00000000a9000000)
 Metaspace       used 23912K, capacity 24178K, committed 24576K, reserved 1071104K
  class space    used 3412K, capacity 3465K, committed 3584K, reserved 1048576K
Event: 4.133 GC heap after
Heap after GC invocations=21 (full 6):
 PSYoungGen      total 202240K, used 105971K [0x00000000d5d00000, 0x00000000ebc00000, 0x0000000100000000)
  eden space 96256K, 0% used [0x00000000d5d00000,0x00000000d5d00000,0x00000000dbb00000)
  from space 105984K, 99% used [0x00000000e3380000,0x00000000e9afce30,0x00000000e9b00000)
  to   space 123392K, 0% used [0x00000000dbb00000,0x00000000dbb00000,0x00000000e3380000)
 ParOldGen       total 649216K, used 481281K [0x0000000081600000, 0x00000000a9000000, 0x00000000d5d00000)
  object space 649216K, 74% used [0x0000000081600000,0x000000009ec00698,0x00000000a9000000)
 Metaspace       used 23912K, capacity 24178K, committed 24576K, reserved 1071104K
  class space    used 3412K, capacity 3465K, committed 3584K, reserved 1048576K
}
Event: 4.147 GC heap before
{Heap before GC invocations=22 (full 6):
 PSYoungGen      total 202240K, used 202208K [0x00000000d5d00000, 0x00000000ebc00000, 0x0000000100000000)
  eden space 96256K, 99% used [0x00000000d5d00000,0x00000000dbafb280,0x00000000dbb00000)
  from space 105984K, 99% used [0x00000000e3380000,0x00000000e9afce30,0x00000000e9b00000)
  to   space 123392K, 0% used [0x00000000dbb00000,0x00000000dbb00000,0x00000000e3380000)
 ParOldGen       total 649216K, used 481281K [0x0000000081600000, 0x00000000a9000000, 0x00000000d5d00000)
  object space 649216K, 74% used [0x0000000081600000,0x000000009ec00698,0x00000000a9000000)
 Metaspace       used 23912K, capacity 24178K, committed 24576K, reserved 1071104K
  class space    used 3412K, capacity 3465K, committed 3584K, reserved 1048576K
Event: 4.201 GC heap after
Heap after GC invocations=22 (full 6):
 PSYoungGen      total 219648K, used 123388K [0x00000000d5d00000, 0x00000000ebc00000, 0x0000000100000000)
  eden space 96256K, 0% used [0x00000000d5d00000,0x00000000d5d00000,0x00000000dbb00000)
  from space 123392K, 99% used [0x00000000dbb00000,0x00000000e337f040,0x00000000e3380000)
  to   space 105984K, 0% used [0x00000000e3380000,0x00000000e3380000,0x00000000e9b00000)
 ParOldGen       total 649216K, used 532171K [0x0000000081600000, 0x00000000a9000000, 0x00000000d5d00000)
  object space 649216K, 81% used [0x0000000081600000,0x00000000a1db2e18,0x00000000a9000000)
 Metaspace       used 23912K, capacity 24178K, committed 24576K, reserved 1071104K
  class space    used 3412K, capacity 3465K, committed 3584K, reserved 1048576K
}

